<?xml version="1.0" encoding="UTF-8"?>
<!-- Generated by org.testng.reporters.JUnitReportReporter -->
<testsuite hostname="LAPTOP-L7E3ELUI" name="end2end.dynamicjson" tests="3" failures="0" timestamp="12 Jun 2020 03:04:38 GMT" time="9.001" errors="0">
  <testcase name="testing" time="2.193" classname="end2end.dynamicjson"/>
  <testcase name="testing" time="4.608" classname="end2end.dynamicjson"/>
  <testcase name="testing" time="2.200" classname="end2end.dynamicjson"/>
</testsuite> <!-- end2end.dynamicjson -->
