<?xml version="1.0" encoding="UTF-8"?>
<!-- Generated by org.testng.reporters.JUnitReportReporter -->
<testsuite hostname="LAPTOP-L7E3ELUI" name="cbre.Login_Success" tests="1" failures="0" timestamp="17 Aug 2020 10:49:17 GMT" time="2.700" errors="0">
  <testcase name="testing" time="2.700" classname="cbre.Login_Success"/>
</testsuite> <!-- cbre.Login_Success -->
