<?xml version="1.0" encoding="UTF-8"?>
<!-- Generated by org.testng.reporters.JUnitReportReporter -->
<testsuite hostname="LAPTOP-L7E3ELUI" name="cbre.end2end" tests="3" failures="0" timestamp="17 Aug 2020 10:38:52 GMT" time="25.602" errors="0">
  <testcase name="testing" time="10.402" classname="cbre.end2end"/>
  <testcase name="testing" time="7.760" classname="cbre.end2end"/>
  <testcase name="testing" time="7.440" classname="cbre.end2end"/>
</testsuite> <!-- cbre.end2end -->
