<?xml version="1.0" encoding="UTF-8"?>
<!-- Generated by org.testng.reporters.JUnitReportReporter -->
<testsuite hostname="LAPTOP-L7E3ELUI" name="dynamicjson" tests="3" failures="0" timestamp="12 Jun 2020 02:21:26 GMT" time="4.571" errors="0">
  <testcase name="testing" time="0.867" classname="dynamicjson"/>
  <testcase name="testing" time="2.871" classname="dynamicjson"/>
  <testcase name="testing" time="0.833" classname="dynamicjson"/>
</testsuite> <!-- dynamicjson -->
