<?xml version="1.0" encoding="UTF-8"?>
<!-- Generated by org.testng.reporters.JUnitReportReporter -->
<testsuite hostname="LAPTOP-L7E3ELUI" name="end2end.end2end" tests="3" failures="0" timestamp="12 Jun 2020 03:59:08 GMT" time="11.404" errors="0">
  <testcase name="testing" time="5.502" classname="end2end.end2end"/>
  <testcase name="testing" time="3.002" classname="end2end.end2end"/>
  <testcase name="testing" time="2.900" classname="end2end.end2end"/>
</testsuite> <!-- end2end.end2end -->
