<?xml version="1.0" encoding="UTF-8"?>
<!-- Generated by org.testng.reporters.JUnitReportReporter -->
<testsuite hostname="LAPTOP-L7E3ELUI" name="sumvalTestng" tests="1" failures="0" timestamp="11 Jun 2020 01:40:15 GMT" time="1.482" errors="0">
  <testcase name="testing" time="1.482" classname="sumvalTestng"/>
</testsuite> <!-- sumvalTestng -->
